  AirBookSystem.cpp
  AirLineAVL.cpp
D:\code-project\AirBookSystem\AirLineAVL.cpp(218,23): warning C4018: “<”: 有符号/无符号不匹配
  AirLineManager.cpp
D:\code-project\AirBookSystem\AirLineManager.cpp(105,1): warning C4996: 'itoa': The POSIX name for this item is deprecated. Instead, use the ISO C and C++ conformant name: _itoa. See online help for details.
D:\Windows Kits\10\Include\10.0.18362.0\ucrt\stdlib.h(1323): message : 参见“itoa”的声明
D:\code-project\AirBookSystem\AirLineManager.cpp(106,1): warning C4996: 'strcat': This function or variable may be unsafe. Consider using strcat_s instead. To disable deprecation, use _CRT_SECURE_NO_WARNINGS. See online help for details.
D:\Windows Kits\10\Include\10.0.18362.0\ucrt\string.h(90): message : 参见“strcat”的声明
D:\code-project\AirBookSystem\AirLineManager.cpp(108,1): warning C4996: 'itoa': The POSIX name for this item is deprecated. Instead, use the ISO C and C++ conformant name: _itoa. See online help for details.
D:\Windows Kits\10\Include\10.0.18362.0\ucrt\stdlib.h(1323): message : 参见“itoa”的声明
D:\code-project\AirBookSystem\AirLineManager.cpp(109,1): warning C4996: 'strcat': This function or variable may be unsafe. Consider using strcat_s instead. To disable deprecation, use _CRT_SECURE_NO_WARNINGS. See online help for details.
D:\Windows Kits\10\Include\10.0.18362.0\ucrt\string.h(90): message : 参见“strcat”的声明
D:\code-project\AirBookSystem\AirLineManager.cpp(111,1): warning C4996: 'itoa': The POSIX name for this item is deprecated. Instead, use the ISO C and C++ conformant name: _itoa. See online help for details.
D:\Windows Kits\10\Include\10.0.18362.0\ucrt\stdlib.h(1323): message : 参见“itoa”的声明
D:\code-project\AirBookSystem\AirLineManager.cpp(112,1): warning C4996: 'strcat': This function or variable may be unsafe. Consider using strcat_s instead. To disable deprecation, use _CRT_SECURE_NO_WARNINGS. See online help for details.
D:\Windows Kits\10\Include\10.0.18362.0\ucrt\string.h(90): message : 参见“strcat”的声明
D:\code-project\AirBookSystem\AirLineManager.cpp(113,1): warning C4996: 'fopen': This function or variable may be unsafe. Consider using fopen_s instead. To disable deprecation, use _CRT_SECURE_NO_WARNINGS. See online help for details.
D:\Windows Kits\10\Include\10.0.18362.0\ucrt\stdio.h(208): message : 参见“fopen”的声明
D:\code-project\AirBookSystem\AirLineManager.cpp(114,1): warning C4996: 'fopen': This function or variable may be unsafe. Consider using fopen_s instead. To disable deprecation, use _CRT_SECURE_NO_WARNINGS. See online help for details.
D:\Windows Kits\10\Include\10.0.18362.0\ucrt\stdio.h(208): message : 参见“fopen”的声明
D:\code-project\AirBookSystem\AirLineManager.cpp(115,1): warning C4996: 'fopen': This function or variable may be unsafe. Consider using fopen_s instead. To disable deprecation, use _CRT_SECURE_NO_WARNINGS. See online help for details.
D:\Windows Kits\10\Include\10.0.18362.0\ucrt\stdio.h(208): message : 参见“fopen”的声明
D:\code-project\AirBookSystem\AirLineManager.cpp(133,14): warning C4477: “fscanf”: 格式字符串“%d”需要类型“int *”的参数，但可变参数 2 拥有了类型“char *”
D:\code-project\AirBookSystem\AirLineManager.cpp(133,14): message : 请考虑在格式字符串中使用“%hhd”
D:\code-project\AirBookSystem\AirLineManager.cpp(133,14): warning C4477: “fscanf”: 格式字符串“%d”需要类型“int *”的参数，但可变参数 3 拥有了类型“char *”
D:\code-project\AirBookSystem\AirLineManager.cpp(133,14): message : 请考虑在格式字符串中使用“%hhd”
D:\code-project\AirBookSystem\AirLineManager.cpp(140,14): warning C4477: “fscanf”: 格式字符串“%d”需要类型“int *”的参数，但可变参数 2 拥有了类型“char *”
D:\code-project\AirBookSystem\AirLineManager.cpp(140,14): message : 请考虑在格式字符串中使用“%hhd”
D:\code-project\AirBookSystem\AirLineManager.cpp(140,14): warning C4477: “fscanf”: 格式字符串“%d”需要类型“int *”的参数，但可变参数 4 拥有了类型“char *”
D:\code-project\AirBookSystem\AirLineManager.cpp(140,14): message : 请考虑在格式字符串中使用“%hhd”
D:\code-project\AirBookSystem\AirLineManager.cpp(147,14): warning C4477: “fscanf”: 格式字符串“%d”需要类型“int *”的参数，但可变参数 2 拥有了类型“char *”
D:\code-project\AirBookSystem\AirLineManager.cpp(147,14): message : 请考虑在格式字符串中使用“%hhd”
D:\code-project\AirBookSystem\AirLineManager.cpp(147,14): warning C4477: “fscanf”: 格式字符串“%d”需要类型“int *”的参数，但可变参数 4 拥有了类型“char *”
D:\code-project\AirBookSystem\AirLineManager.cpp(147,14): message : 请考虑在格式字符串中使用“%hhd”
D:\code-project\AirBookSystem\AirLineManager.cpp(126,1): warning C4996: 'fopen': This function or variable may be unsafe. Consider using fopen_s instead. To disable deprecation, use _CRT_SECURE_NO_WARNINGS. See online help for details.
D:\Windows Kits\10\Include\10.0.18362.0\ucrt\stdio.h(208): message : 参见“fopen”的声明
D:\code-project\AirBookSystem\AirLineManager.cpp(127,1): warning C4996: 'fopen': This function or variable may be unsafe. Consider using fopen_s instead. To disable deprecation, use _CRT_SECURE_NO_WARNINGS. See online help for details.
D:\Windows Kits\10\Include\10.0.18362.0\ucrt\stdio.h(208): message : 参见“fopen”的声明
D:\code-project\AirBookSystem\AirLineManager.cpp(128,1): warning C4996: 'fopen': This function or variable may be unsafe. Consider using fopen_s instead. To disable deprecation, use _CRT_SECURE_NO_WARNINGS. See online help for details.
D:\Windows Kits\10\Include\10.0.18362.0\ucrt\stdio.h(208): message : 参见“fopen”的声明
D:\code-project\AirBookSystem\AirLineManager.cpp(133,1): warning C4996: 'fscanf': This function or variable may be unsafe. Consider using fscanf_s instead. To disable deprecation, use _CRT_SECURE_NO_WARNINGS. See online help for details.
D:\Windows Kits\10\Include\10.0.18362.0\ucrt\stdio.h(1197): message : 参见“fscanf”的声明
D:\code-project\AirBookSystem\AirLineManager.cpp(140,1): warning C4996: 'fscanf': This function or variable may be unsafe. Consider using fscanf_s instead. To disable deprecation, use _CRT_SECURE_NO_WARNINGS. See online help for details.
D:\Windows Kits\10\Include\10.0.18362.0\ucrt\stdio.h(1197): message : 参见“fscanf”的声明
D:\code-project\AirBookSystem\AirLineManager.cpp(147,1): warning C4996: 'fscanf': This function or variable may be unsafe. Consider using fscanf_s instead. To disable deprecation, use _CRT_SECURE_NO_WARNINGS. See online help for details.
D:\Windows Kits\10\Include\10.0.18362.0\ucrt\stdio.h(1197): message : 参见“fscanf”的声明
  正在生成代码...
  AirBookSystem.vcxproj -> D:\code-project\AirBookSystem\Debug\AirBookSystem.exe
