D:\vs2019\IDE\MSBuild\Microsoft\VC\v160\Microsoft.CppBuild.targets(459,5): warning MSB8028: The intermediate directory (x64\Debug\) contains files shared from another project (AirBookSystem.vcxproj).  This can lead to incorrect clean and rebuild behavior.
  AirLineManager.cpp
D:\code-project\FlightSystem\AirLineManager.cpp(107,1): warning C4996: 'sprintf': This function or variable may be unsafe. Consider using sprintf_s instead. To disable deprecation, use _CRT_SECURE_NO_WARNINGS. See online help for details.
D:\Windows Kits\10\Include\10.0.18362.0\ucrt\stdio.h(1774): message : 参见“sprintf”的声明
D:\code-project\FlightSystem\AirLineManager.cpp(108,1): warning C4996: 'strcat': This function or variable may be unsafe. Consider using strcat_s instead. To disable deprecation, use _CRT_SECURE_NO_WARNINGS. See online help for details.
D:\Windows Kits\10\Include\10.0.18362.0\ucrt\string.h(90): message : 参见“strcat”的声明
D:\code-project\FlightSystem\AirLineManager.cpp(110,1): warning C4996: 'sprintf': This function or variable may be unsafe. Consider using sprintf_s instead. To disable deprecation, use _CRT_SECURE_NO_WARNINGS. See online help for details.
D:\Windows Kits\10\Include\10.0.18362.0\ucrt\stdio.h(1774): message : 参见“sprintf”的声明
D:\code-project\FlightSystem\AirLineManager.cpp(111,1): warning C4996: 'strcat': This function or variable may be unsafe. Consider using strcat_s instead. To disable deprecation, use _CRT_SECURE_NO_WARNINGS. See online help for details.
D:\Windows Kits\10\Include\10.0.18362.0\ucrt\string.h(90): message : 参见“strcat”的声明
D:\code-project\FlightSystem\AirLineManager.cpp(113,1): warning C4996: 'sprintf': This function or variable may be unsafe. Consider using sprintf_s instead. To disable deprecation, use _CRT_SECURE_NO_WARNINGS. See online help for details.
D:\Windows Kits\10\Include\10.0.18362.0\ucrt\stdio.h(1774): message : 参见“sprintf”的声明
D:\code-project\FlightSystem\AirLineManager.cpp(114,1): warning C4996: 'strcat': This function or variable may be unsafe. Consider using strcat_s instead. To disable deprecation, use _CRT_SECURE_NO_WARNINGS. See online help for details.
D:\Windows Kits\10\Include\10.0.18362.0\ucrt\string.h(90): message : 参见“strcat”的声明
D:\code-project\FlightSystem\AirLineManager.cpp(115,1): warning C4996: 'fopen': This function or variable may be unsafe. Consider using fopen_s instead. To disable deprecation, use _CRT_SECURE_NO_WARNINGS. See online help for details.
D:\Windows Kits\10\Include\10.0.18362.0\ucrt\stdio.h(208): message : 参见“fopen”的声明
D:\code-project\FlightSystem\AirLineManager.cpp(116,1): warning C4996: 'fopen': This function or variable may be unsafe. Consider using fopen_s instead. To disable deprecation, use _CRT_SECURE_NO_WARNINGS. See online help for details.
D:\Windows Kits\10\Include\10.0.18362.0\ucrt\stdio.h(208): message : 参见“fopen”的声明
D:\code-project\FlightSystem\AirLineManager.cpp(117,1): warning C4996: 'fopen': This function or variable may be unsafe. Consider using fopen_s instead. To disable deprecation, use _CRT_SECURE_NO_WARNINGS. See online help for details.
D:\Windows Kits\10\Include\10.0.18362.0\ucrt\stdio.h(208): message : 参见“fopen”的声明
D:\code-project\FlightSystem\AirLineManager.cpp(135,14): warning C4477: “fscanf”: 格式字符串“%d”需要类型“int *”的参数，但可变参数 2 拥有了类型“char *”
D:\code-project\FlightSystem\AirLineManager.cpp(135,14): message : 请考虑在格式字符串中使用“%hhd”
D:\code-project\FlightSystem\AirLineManager.cpp(135,14): warning C4477: “fscanf”: 格式字符串“%d”需要类型“int *”的参数，但可变参数 3 拥有了类型“char *”
D:\code-project\FlightSystem\AirLineManager.cpp(135,14): message : 请考虑在格式字符串中使用“%hhd”
D:\code-project\FlightSystem\AirLineManager.cpp(143,14): warning C4477: “fscanf”: 格式字符串“%d”需要类型“int *”的参数，但可变参数 2 拥有了类型“char *”
D:\code-project\FlightSystem\AirLineManager.cpp(143,14): message : 请考虑在格式字符串中使用“%hhd”
D:\code-project\FlightSystem\AirLineManager.cpp(143,14): warning C4477: “fscanf”: 格式字符串“%d”需要类型“int *”的参数，但可变参数 4 拥有了类型“char *”
D:\code-project\FlightSystem\AirLineManager.cpp(143,14): message : 请考虑在格式字符串中使用“%hhd”
D:\code-project\FlightSystem\AirLineManager.cpp(152,14): warning C4477: “fscanf”: 格式字符串“%d”需要类型“int *”的参数，但可变参数 2 拥有了类型“char *”
D:\code-project\FlightSystem\AirLineManager.cpp(152,14): message : 请考虑在格式字符串中使用“%hhd”
D:\code-project\FlightSystem\AirLineManager.cpp(152,14): warning C4477: “fscanf”: 格式字符串“%d”需要类型“int *”的参数，但可变参数 4 拥有了类型“char *”
D:\code-project\FlightSystem\AirLineManager.cpp(152,14): message : 请考虑在格式字符串中使用“%hhd”
D:\code-project\FlightSystem\AirLineManager.cpp(128,1): warning C4996: 'fopen': This function or variable may be unsafe. Consider using fopen_s instead. To disable deprecation, use _CRT_SECURE_NO_WARNINGS. See online help for details.
D:\Windows Kits\10\Include\10.0.18362.0\ucrt\stdio.h(208): message : 参见“fopen”的声明
D:\code-project\FlightSystem\AirLineManager.cpp(129,1): warning C4996: 'fopen': This function or variable may be unsafe. Consider using fopen_s instead. To disable deprecation, use _CRT_SECURE_NO_WARNINGS. See online help for details.
D:\Windows Kits\10\Include\10.0.18362.0\ucrt\stdio.h(208): message : 参见“fopen”的声明
D:\code-project\FlightSystem\AirLineManager.cpp(130,1): warning C4996: 'fopen': This function or variable may be unsafe. Consider using fopen_s instead. To disable deprecation, use _CRT_SECURE_NO_WARNINGS. See online help for details.
D:\Windows Kits\10\Include\10.0.18362.0\ucrt\stdio.h(208): message : 参见“fopen”的声明
D:\code-project\FlightSystem\AirLineManager.cpp(135,1): warning C4996: 'fscanf': This function or variable may be unsafe. Consider using fscanf_s instead. To disable deprecation, use _CRT_SECURE_NO_WARNINGS. See online help for details.
D:\Windows Kits\10\Include\10.0.18362.0\ucrt\stdio.h(1197): message : 参见“fscanf”的声明
D:\code-project\FlightSystem\AirLineManager.cpp(143,1): warning C4996: 'fscanf': This function or variable may be unsafe. Consider using fscanf_s instead. To disable deprecation, use _CRT_SECURE_NO_WARNINGS. See online help for details.
D:\Windows Kits\10\Include\10.0.18362.0\ucrt\stdio.h(1197): message : 参见“fscanf”的声明
D:\code-project\FlightSystem\AirLineManager.cpp(152,1): warning C4996: 'fscanf': This function or variable may be unsafe. Consider using fscanf_s instead. To disable deprecation, use _CRT_SECURE_NO_WARNINGS. See online help for details.
D:\Windows Kits\10\Include\10.0.18362.0\ucrt\stdio.h(1197): message : 参见“fscanf”的声明
D:\code-project\FlightSystem\AirLineManager.cpp(164,13): warning C4477: “fprintf”: 格式字符串“%s”需要类型“char *”的参数，但可变参数 1 拥有了类型“std::string”
D:\code-project\FlightSystem\AirLineManager.cpp(164,13): warning C4477: “fprintf”: 格式字符串“%s”需要类型“char *”的参数，但可变参数 4 拥有了类型“std::string”
D:\code-project\FlightSystem\AirLineManager.cpp(164,13): warning C4477: “fprintf”: 格式字符串“%s”需要类型“char *”的参数，但可变参数 5 拥有了类型“std::string”
D:\code-project\FlightSystem\AirLineManager.cpp(163,1): warning C4996: 'fopen': This function or variable may be unsafe. Consider using fopen_s instead. To disable deprecation, use _CRT_SECURE_NO_WARNINGS. See online help for details.
D:\Windows Kits\10\Include\10.0.18362.0\ucrt\stdio.h(208): message : 参见“fopen”的声明
  AirBookSystem.vcxproj -> D:\code-project\FlightSystem\x64\Debug\FlightSystem.exe
